<?xml version="1.0" encoding="UTF-8"?>
<!-- Generated by org.testng.reporters.JUnitReportReporter -->
<testsuite hostname="DESKTOP-6H595PM" failures="0" tests="1" name="tests.LoginTest" time="0.804" errors="0" timestamp="2022-03-07T14:07:26 TRT" skipped="0">
  <testcase classname="tests.LoginTest" name="logOutTest" time="0.804"/>
  <system-out/>
</testsuite> <!-- tests.LoginTest -->
